areacode like "41%"
code = "admin"
areacode like "41%"
1 OR code = "admin"
1 OR code = "admin"
1
1 OR jybh = "admin"
areacode like "41%"
1 OR code = "admin"
1 OR code = "admin"
监管部门:47
19-1923-2323-2020-11-2020-1919-20查询数据表:case_201708
查询数据表:case_201708
查询数据表:case_201708
查询数据表:case_201708
查询数据表:case_201708
查询数据表:case_201708
查询数据表:case_201708
查询数据:0,20
查询数据表:case_201708---查询数据:0,20
查询数据表:case_201708---查询数据:0,20
查询数据表:case_201708---查询数据:0,20
查询数据表:case_201708---查询数据:0,20
查询数据表:case_201708---查询数据:0,20
查询数据表:case_201708---查询数据:0,20
查询数据表:case_201708---查询数据:0,20
